<?xml version="1.0" encoding="UTF-8"?>
<testsuite name="commandTest.StringTransformerGroupTest" tests="2" skipped="0" failures="0" errors="0" timestamp="2021-12-08T22:38:05" hostname="DESKTOP-L5DD3BH" time="0.043">
  <properties/>
  <testcase name="transformerGroup()" classname="commandTest.StringTransformerGroupTest" time="0.039"/>
  <testcase name="transformerComposite()" classname="commandTest.StringTransformerGroupTest" time="0.003"/>
  <system-out><![CDATA[]]></system-out>
  <system-err><![CDATA[]]></system-err>
</testsuite>
