<?xml version="1.0" encoding="UTF-8"?>
<testsuite name="commandTest.StrategyPatternTest" tests="4" skipped="0" failures="0" errors="0" timestamp="2021-12-08T22:31:23" hostname="DESKTOP-L5DD3BH" time="0.063">
  <properties/>
  <testcase name="impatientStrategy()" classname="commandTest.StrategyPatternTest" time="0.054"/>
  <testcase name="smartStrategyStartClosed()" classname="commandTest.StrategyPatternTest" time="0.002"/>
  <testcase name="smartStrategyStartOpened()" classname="commandTest.StrategyPatternTest" time="0.002"/>
  <testcase name="orderStringRecipe()" classname="commandTest.StrategyPatternTest" time="0.002"/>
  <system-out><![CDATA[]]></system-out>
  <system-err><![CDATA[]]></system-err>
</testsuite>
