<?xml version="1.0" encoding="UTF-8"?>
<testsuite name="commandTest.StringBarTest" tests="1" skipped="0" failures="0" errors="0" timestamp="2021-12-05T22:59:39" hostname="DESKTOP-L5DD3BH" time="0.028">
  <properties/>
  <testcase name="happyHour()" classname="commandTest.StringBarTest" time="0.028"/>
  <system-out><![CDATA[]]></system-out>
  <system-err><![CDATA[]]></system-err>
</testsuite>
